<?xml version="1.0" encoding="UTF-8"?>
<!-- Generated by org.testng.reporters.JUnitXMLReporter -->
<testsuite ignored="0" hostname="WIN-119DS0L7J2D" failures="1" tests="8" name="Test" time="0.106" errors="0" timestamp="2024-02-10T13:57:23 IRST">
  <testcase classname="Admin_SmokeTest.Testcase_Main" name="f" time="0.0">
    <skipped/>
  </testcase> <!-- f -->
  <testcase classname="Admin_SmokeTest.Testcase_H5p" name="f" time="0.0">
    <skipped/>
  </testcase> <!-- f -->
  <testcase classname="Admin_SmokeTest.TestCase_Scorm" name="f" time="0.0">
    <skipped/>
  </testcase> <!-- f -->
  <testcase classname="Admin_SmokeTest.Testcase_Video" name="f" time="0.0">
    <skipped/>
  </testcase> <!-- f -->
  <testcase classname="Admin_SmokeTest.Testcase_FileContent" name="f" time="0.0">
    <skipped/>
  </testcase> <!-- f -->
  <testcase classname="Admin_SmokeTest.Testcase_Practice" name="f" time="0.0">
    <skipped/>
  </testcase> <!-- f -->
  <testcase classname="Admin_SmokeTest.Testcase_Forum" name="f" time="0.0">
    <skipped/>
  </testcase> <!-- f -->
  <testcase classname="Admin_SmokeTest.Testcase_Project" name="f" time="0.0">
    <failure type="org.testng.TestNGException" message="
Method public void Admin_SmokeTest.Testcase_Project.f(java.lang.String,java.lang.String,java.lang.String,java.lang.String,java.lang.String) throws java.lang.InterruptedException requires a @DataProvider named : InsertProject_TC2 in class Admin_SmokeTest.DataProviderMinimal">
      <![CDATA[org.testng.TestNGException: 
Method public void Admin_SmokeTest.Testcase_Project.f(java.lang.String,java.lang.String,java.lang.String,java.lang.String,java.lang.String) throws java.lang.InterruptedException requires a @DataProvider named : InsertProject_TC2 in class Admin_SmokeTest.DataProviderMinimal
at java.base/java.util.ArrayList.forEach(ArrayList.java:1511)
at Admin_SmokeTest.Runner.main(Runner.java:16)
... Removed 21 stack frames]]>
    </failure>
  </testcase> <!-- f -->
</testsuite> <!-- Test -->
